#
# A fatal error has been detected by the Java Runtime Environment:
#
#  EXCEPTION_ACCESS_VIOLATION (0xc0000005) at pc=0x00007ffcdaf7c693, pid=1532, tid=8636
#
# JRE version: Java(TM) SE Runtime Environment (21.0.6+8) (build 21.0.6+8-LTS-188)
# Java VM: Java HotSpot(TM) 64-Bit Server VM (21.0.6+8-LTS-188, mixed mode, sharing, tiered, compressed oops, compressed class ptrs, g1 gc, windows-amd64)
# Problematic frame:
# V  [jvm.dll+0x3dc693]
#
# No core dump will be written. Minidumps are not enabled by default on client versions of Windows
#
# If you would like to submit a bug report, please visit:
#   https://bugreport.java.com/bugreport/crash.jsp
#

---------------  S U M M A R Y ------------

Command Line: -javaagent:C:\Program Files\JetBrains\IntelliJ IDEA Community Edition 2024.3.2.2\lib\idea_rt.jar=52343:C:\Program Files\JetBrains\IntelliJ IDEA Community Edition 2024.3.2.2\bin -Dfile.encoding=UTF-8 -Dsun.stdout.encoding=UTF-8 -Dsun.stderr.encoding=UTF-8 com.miapp.Parcial.MiApplication

Host: Intel(R) Core(TM) i3-3220 CPU @ 3.30GHz, 4 cores, 7G,  Windows 10 , 64 bit Build 19041 (10.0.19041.5438)
Time: Thu May 22 13:29:09 2025 Hora estándar de Argentina elapsed time: 1.912752 seconds (0d 0h 0m 1s)

---------------  T H R E A D  ---------------

Current thread (0x0000023b7d861760):  JavaThread "background-preinit"        [_thread_in_vm, id=8636, stack(0x0000009c52400000,0x0000009c52500000) (1024K)]

Stack: [0x0000009c52400000,0x0000009c52500000],  sp=0x0000009c524fad60,  free space=1003k
Native frames: (J=compiled Java code, j=interpreted, Vv=VM code, C=native code)
V  [jvm.dll+0x3dc693]
V  [jvm.dll+0x6ca5f2]
V  [jvm.dll+0x3dd31b]
V  [jvm.dll+0x3dd4e8]
V  [jvm.dll+0x7ce8e8]
V  [jvm.dll+0x7cf7c4]
V  [jvm.dll+0x7cfd92]
V  [jvm.dll+0x7cfa18]
V  [jvm.dll+0x83e533]
V  [jvm.dll+0x83e0ef]
V  [jvm.dll+0x84926d]
V  [jvm.dll+0x847fa6]
V  [jvm.dll+0x84121b]
V  [jvm.dll+0x3c203b]
V  [jvm.dll+0x3c1146]
V  [jvm.dll+0x3c10e8]
V  [jvm.dll+0x5d4429]
V  [jvm.dll+0x5d3394]
V  [jvm.dll+0x3d68e5]
